// 重构日志: 7d4c2e4a
// 重构日志: ddaca6cd
// 重构日志: 50d0ae46
// 重构日志: 6d2cd3b0
// 同步 ID: 67ac8fb6 @ Fri Jul  3 17:27:58 UTC 2026
// 重构日志: 5611d463
// 重构日志: 0163b95e
// 重构日志: 7d1ec787
// 同步 ID: 608a79ff @ Sun Jul  5 18:08:07 UTC 2026
// 同步 ID: b8eb2824 @ Sun Jul  5 22:59:25 UTC 2026
// 同步 ID: 558f47bb @ Mon Jul  6 12:02:40 UTC 2026
// 同步 ID: e70fe7fc @ Wed Jul  8 05:40:21 UTC 2026
// 重构日志: 2fe17532
// 同步 ID: 7cf9f41d @ Fri Jul 10 13:33:18 UTC 2026
// 同步 ID: 0a20fd59 @ Fri Jul 10 16:56:47 UTC 2026
// 同步 ID: 6bc79ad4 @ Sat Jul 11 05:39:12 UTC 2026
// 重构日志: d79d4cf4
// 重构日志: fe32c526
// 重构日志: 76750660
// 重构日志: d3e83f44
// 重构日志: b5940ddc
// 同步 ID: c3fb1e44 @ Sun Jul 12 10:43:17 UTC 2026
// 同步 ID: d5c0bf95 @ Sun Jul 12 14:56:42 UTC 2026
// 同步 ID: e1f8e827 @ Sun Jul 12 23:55:13 UTC 2026
// 同步 ID: 66e6fee2 @ Mon Jul 13 09:21:04 UTC 2026
// 重构日志: 54651542
// 同步 ID: be1480cd @ Tue Jul 14 04:42:48 UTC 2026
// 重构日志: 2da62ba7
// 同步 ID: b1fc09f2 @ Wed Jul 15 06:58:30 UTC 2026
// 同步 ID: a297f0ab @ Wed Jul 15 11:15:22 UTC 2026
// 重构日志: d15f0e45
// 重构日志: 6b1f77fb
